Checking MPI installation...
/apps/mpich-3.2.1--gcc-9.1.0/bin/mpirun
/apps/mpich-3.2.1--gcc-9.1.0/bin/mpicxx
--------------------------------------------
STRONG SCALING
--------------------------------------------
Node:      hpc-c12-node03.unitn.it
Results:   
Walltime:  30 minutes
MPI:       /apps/mpich-3.2.1--gcc-9.1.0/bin/mpirun
Code:      code.cpp
--------------------------------------------

>>> COMPILING code.cpp
[OK] Compiled successfully

Configuration:
  Matrices:   217K.mtx
  Processes:  1 2 4 8 16
  Iterations: 50

>>> VERIFYING MATRICES
  217K.mtx - 217918 217918 5926171

All matrices found

>>> CLEANING OLD RESULTS
[OK] Removed old CSV file

>>> RUNNING STRONG SCALING
--------------------------------------------


--------------------------------------------
Matrix: 217K.mtx
Results will be saved in: 217K
--------------------------------------------
  Dimensions: 217918 217918 5926171

  Testing 1 process(es)... (14:53:38)
     Completed in 4s
    SpMV time: 9.51928 ms
    MPI Strategy: OPTIMIZED ALLTOALLV
    [Baseline: 9.51928 ms]
    Total elapsed: 0m 4s

  Testing 2 process(es)... (14:53:42)
     Completed in 4s
    SpMV time: 4.85998 ms
    MPI Strategy: OPTIMIZED ALLTOALLV
    Speedup: 1.9587x
    Efficiency: 97.94%
    Total elapsed: 0m 8s

  Testing 4 process(es)... (14:53:46)
     Completed in 3s
    SpMV time: 2.73379 ms
    MPI Strategy: OPTIMIZED ALLTOALLV
    Speedup: 3.4821x
    Efficiency: 87.05%
    Total elapsed: 0m 11s

  Testing 8 process(es)... (14:53:49)
     Completed in 4s
    SpMV time: 1.94239 ms
    MPI Strategy: OPTIMIZED ALLTOALLV
    Speedup: 4.9008x
    Efficiency: 61.26%
    Total elapsed: 0m 15s

  Testing 16 process(es)... (14:53:53)
     Completed in 4s
    SpMV time: 1.87251 ms
    MPI Strategy: OPTIMIZED ALLTOALLV
    Speedup: 5.0837x
    Efficiency: 31.77%
    Total elapsed: 0m 19s


--------------------------------------------
STRONG SCALING COMPLETED
Total time: 0m 19s
--------------------------------------------

>>> POST-PROCESSING RESULTS
Calculating speedup and efficiency...
[OK] Speedup and efficiency calculated

>>> RESULTS SUMMARY
--------------------------------------------

CSV Preview:
------------
matrix,type,procs,time,comp,comm,speedup,eff,flops,mem,imb,min,max
------------
217K,opt,1,9.51928,9.51754,0.0015974,1.0000,100.00,0,0,0,0,0
217K,opt,2,4.85998,4.07272,0.787196,1.9587,97.94,0,0,0,0,0
217K,opt,4,2.73379,2.08029,0.65341,3.4821,87.05,0,0,0,0,0
217K,opt,8,1.94239,1.15164,0.790644,4.9008,61.26,0,0,0,0,0
217K,opt,16,1.87251,0.537009,1.3354,5.0837,31.77,0,0,0,0,0

Detailed Results:
-----------------
Matrix     Procs  Time(ms)     Comp(ms)     Comm(ms)     Speedup    Efficiency  
-------------------------------------------------------------------------------
217K       1      9.52         9.52         0.00         1.00       100.00      %
217K       2      4.86         4.07         0.79         1.96       97.94       %
217K       4      2.73         2.08         0.65         3.48       87.05       %
217K       8      1.94         1.15         0.79         4.90       61.26       %
217K       16     1.87         0.54         1.34         5.08       31.77       %

Communication Overhead:
-----------------------
217K       |  1 procs | Comp: 100.0% | Comm:   0.0%
217K       |  2 procs | Comp:  83.8% | Comm:  16.2%
217K       |  4 procs | Comp:  76.1% | Comm:  23.9%
217K       |  8 procs | Comp:  59.3% | Comm:  40.7%
217K       | 16 procs | Comp:  28.7% | Comm:  71.3%

Scalability Analysis:
---------------------

Matrix: 217K
   1 procs: Speedup =  1.00x | Efficiency = 100.0%
   2 procs: Speedup =  1.96x | Efficiency =  97.9%
   4 procs: Speedup =  3.48x | Efficiency =  87.0%
   8 procs: Speedup =  4.90x | Efficiency =  61.3%
  16 procs: Speedup =  5.08x | Efficiency =  31.8%

MPI Strategy Used:
------------------

Matrix: 217K
   1 procs: OPTIMIZED ALLTOALLV
   2 procs: OPTIMIZED ALLTOALLV
   4 procs: OPTIMIZED ALLTOALLV
   8 procs: OPTIMIZED ALLTOALLV
  16 procs: OPTIMIZED ALLTOALLV



--------------------------------------------
EXPERIMENT COMPLETE
--------------------------------------------

Results saved to: 217K/

Files generated:
  output_217K_16p.log                           105
  output_217K_1p.log                            107
  output_217K_2p.log                            106
  output_217K_4p.log                            105
  output_217K_8p.log                            106
  strong_scaling_results.csv                    363

Main results: 217K/strong_scaling_results.csv

PBS logs copied to results directory

--------------------------------------------
