Checking MPI installation...
/apps/mpich-3.2.1--gcc-9.1.0/bin/mpirun
/apps/mpich-3.2.1--gcc-9.1.0/bin/mpicxx
--------------------------------------------
STRONG SCALING
--------------------------------------------
Node:      hpc-c11-node15.unitn.it
Results:   
Walltime:  30 minutes
MPI:       /apps/mpich-3.2.1--gcc-9.1.0/bin/mpirun
Code:      code.cpp
--------------------------------------------

>>> COMPILING code.cpp
[OK] Compiled successfully

Configuration:
  Matrices:   377K.mtx
  Processes:  1 2 4 8 16 32
  Iterations: 50

>>> VERIFYING MATRICES
  377K.mtx - 377002 377002 27689972

All matrices found

>>> CLEANING OLD RESULTS
[OK] Removed old CSV file

>>> RUNNING STRONG SCALING
--------------------------------------------


--------------------------------------------
Matrix: 377K.mtx
Results will be saved in: 377K
--------------------------------------------
  Dimensions: 377002 377002 27689972

  Testing 1 process(es)... (14:55:39)
     Completed in 8s
    SpMV time: 22.4263 ms
    MPI Strategy: OPTIMIZED ALLTOALLV
    [Baseline: 22.4263 ms]
    Total elapsed: 0m 8s

  Testing 2 process(es)... (14:55:47)
     Completed in 8s
    SpMV time: 11.6981 ms
    MPI Strategy: OPTIMIZED ALLTOALLV
    Speedup: 1.9171x
    Efficiency: 95.86%
    Total elapsed: 0m 16s

  Testing 4 process(es)... (14:55:55)
     Completed in 8s
    SpMV time: 6.10182 ms
    MPI Strategy: OPTIMIZED ALLTOALLV
    Speedup: 3.6753x
    Efficiency: 91.88%
    Total elapsed: 0m 24s

  Testing 8 process(es)... (14:56:03)
     Completed in 7s
    SpMV time: 4.38038 ms
    MPI Strategy: OPTIMIZED ALLTOALLV
    Speedup: 5.1197x
    Efficiency: 64.00%
    Total elapsed: 0m 31s

  Testing 16 process(es)... (14:56:10)
     Completed in 8s
    SpMV time: 2.73253 ms
    MPI Strategy: OPTIMIZED ALLTOALLV
    Speedup: 8.2072x
    Efficiency: 51.30%
    Total elapsed: 0m 39s

  Testing 32 process(es)... (14:56:18)
     Completed in 7s
    SpMV time: 2.08272 ms
    MPI Strategy: OPTIMIZED ALLTOALLV
    Speedup: 10.7678x
    Efficiency: 33.65%
    Total elapsed: 0m 46s


--------------------------------------------
STRONG SCALING COMPLETED
Total time: 0m 46s
--------------------------------------------

>>> POST-PROCESSING RESULTS
Calculating speedup and efficiency...
[OK] Speedup and efficiency calculated

>>> RESULTS SUMMARY
--------------------------------------------

CSV Preview:
------------
matrix,type,procs,time,comp,comm,speedup,eff,flops,mem,imb,min,max
------------
377K,opt,1,22.4263,22.4237,0.00234127,1.0000,100.00,0,0,0,0,0
377K,opt,2,11.6981,11.2241,0.473804,1.9171,95.85,0,0,0,0,0
377K,opt,4,6.10182,5.44961,0.652137,3.6753,91.88,0,0,0,0,0
377K,opt,8,4.38038,2.92756,1.45272,5.1197,64.00,0,0,0,0,0
377K,opt,16,2.73253,1.21313,1.51935,8.2072,51.29,0,0,0,0,0
377K,opt,32,2.08272,1.02528,1.05731,10.7678,33.65,0,0,0,0,0

Detailed Results:
-----------------
Matrix     Procs  Time(ms)     Comp(ms)     Comm(ms)     Speedup    Efficiency  
-------------------------------------------------------------------------------
377K       1      22.43        22.42        0.00         1.00       100.00      %
377K       2      11.70        11.22        0.47         1.92       95.85       %
377K       4      6.10         5.45         0.65         3.68       91.88       %
377K       8      4.38         2.93         1.45         5.12       64.00       %
377K       16     2.73         1.21         1.52         8.21       51.29       %
377K       32     2.08         1.03         1.06         10.77      33.65       %

Communication Overhead:
-----------------------
377K       |  1 procs | Comp: 100.0% | Comm:   0.0%
377K       |  2 procs | Comp:  95.9% | Comm:   4.1%
377K       |  4 procs | Comp:  89.3% | Comm:  10.7%
377K       |  8 procs | Comp:  66.8% | Comm:  33.2%
377K       | 16 procs | Comp:  44.4% | Comm:  55.6%
377K       | 32 procs | Comp:  49.2% | Comm:  50.8%

Scalability Analysis:
---------------------

Matrix: 377K
   1 procs: Speedup =  1.00x | Efficiency = 100.0%
   2 procs: Speedup =  1.92x | Efficiency =  95.8%
   4 procs: Speedup =  3.68x | Efficiency =  91.9%
   8 procs: Speedup =  5.12x | Efficiency =  64.0%
  16 procs: Speedup =  8.21x | Efficiency =  51.3%
  32 procs: Speedup = 10.77x | Efficiency =  33.6%

MPI Strategy Used:
------------------

Matrix: 377K
   1 procs: OPTIMIZED ALLTOALLV
   2 procs: OPTIMIZED ALLTOALLV
   4 procs: OPTIMIZED ALLTOALLV
   8 procs: OPTIMIZED ALLTOALLV
  16 procs: OPTIMIZED ALLTOALLV
  32 procs: OPTIMIZED ALLTOALLV



--------------------------------------------
EXPERIMENT COMPLETE
--------------------------------------------

Results saved to: 377K/

Files generated:
  output_377K_16p.log                           105
  output_377K_1p.log                            108
  output_377K_2p.log                            106
  output_377K_32p.log                           105
  output_377K_4p.log                            106
  output_377K_8p.log                            105
  strong_scaling_results.csv                    424

Main results: 377K/strong_scaling_results.csv

PBS logs copied to results directory

--------------------------------------------
