Checking MPI installation...
/apps/mpich-3.2.1--gcc-9.1.0/bin/mpirun
/apps/mpich-3.2.1--gcc-9.1.0/bin/mpicxx
--------------------------------------------
STRONG SCALING
--------------------------------------------
Node:      hpc-c11-node25.maas.icts.unitn.it
Results:   
Walltime:  30 minutes
MPI:       /apps/mpich-3.2.1--gcc-9.1.0/bin/mpirun
Code:      code.cpp
--------------------------------------------

>>> COMPILING code.cpp
[OK] Compiled successfully

Configuration:
  Matrices:   1219K.mtx
  Processes:  1 2 4 8 16 32 64 128
  Iterations: 50

>>> VERIFYING MATRICES
  1219K.mtx - 1219574 1219574 7382096

All matrices found

>>> CLEANING OLD RESULTS
[OK] Removed old CSV file

>>> RUNNING STRONG SCALING
--------------------------------------------


--------------------------------------------
Matrix: 1219K.mtx
Results will be saved in: 1219K
--------------------------------------------
  Dimensions: 1219574 1219574 7382096

  Testing 1 process(es)... (15:00:17)
     Completed in 6s
    SpMV time: 10.3216 ms
    MPI Strategy: OPTIMIZED ALLTOALLV
    [Baseline: 10.3216 ms]
    Total elapsed: 0m 6s

  Testing 2 process(es)... (15:00:23)
     Completed in 4s
    SpMV time: 11.0151 ms
    MPI Strategy: OPTIMIZED ALLTOALLV
    Speedup: 0.9370x
    Efficiency: 46.85%
    Total elapsed: 0m 10s

  Testing 4 process(es)... (15:00:27)
     Completed in 5s
    SpMV time: 7.42331 ms
    MPI Strategy: OPTIMIZED ALLTOALLV
    Speedup: 1.3904x
    Efficiency: 34.76%
    Total elapsed: 0m 15s

  Testing 8 process(es)... (15:00:32)
     Completed in 4s
    SpMV time: 5.57104 ms
    MPI Strategy: OPTIMIZED ALLTOALLV
    Speedup: 1.8527x
    Efficiency: 23.16%
    Total elapsed: 0m 19s

  Testing 16 process(es)... (15:00:36)
     Completed in 5s
    SpMV time: 3.6736 ms
    MPI Strategy: OPTIMIZED ALLTOALLV
    Speedup: 2.8097x
    Efficiency: 17.56%
    Total elapsed: 0m 24s

  Testing 32 process(es)... (15:00:41)
     Completed in 4s
    SpMV time: 1.99328 ms
    MPI Strategy: OPTIMIZED ALLTOALLV
    Speedup: 5.1782x
    Efficiency: 16.18%
    Total elapsed: 0m 28s

  Testing 64 process(es)... (15:00:45)
     Completed in 5s
    SpMV time: 1.28101 ms
    MPI Strategy: OPTIMIZED ALLTOALLV
    Speedup: 8.0574x
    Efficiency: 12.59%
    Total elapsed: 0m 33s

  Testing 128 process(es)... (15:00:50)
     Completed in 17s
    SpMV time: 229.677 ms
    MPI Strategy: OPTIMIZED ALLTOALLV
    Speedup: 0.0449x
    Efficiency: 0.04%
    Total elapsed: 0m 50s


--------------------------------------------
STRONG SCALING COMPLETED
Total time: 0m 50s
--------------------------------------------

>>> POST-PROCESSING RESULTS
Calculating speedup and efficiency...
[OK] Speedup and efficiency calculated

>>> RESULTS SUMMARY
--------------------------------------------

CSV Preview:
------------
matrix,type,procs,time,comp,comm,speedup,eff,flops,mem,imb,min,max
------------
1219K,opt,1,10.3216,10.3182,0.00303745,1.0000,100.00,0,0,0,0,0
1219K,opt,2,11.0151,5.48879,5.5262,0.9370,46.85,0,0,0,0,0
1219K,opt,4,7.42331,3.14728,4.27587,1.3904,34.76,0,0,0,0,0
1219K,opt,8,5.57104,2.44901,3.12194,1.8527,23.16,0,0,0,0,0
1219K,opt,16,3.6736,1.76744,1.90605,2.8097,17.56,0,0,0,0,0
1219K,opt,32,1.99328,0.919704,1.07347,5.1782,16.18,0,0,0,0,0
1219K,opt,64,1.28101,0.334072,0.946846,8.0574,12.59,0,0,0,0,0
1219K,opt,128,229.677,0.151753,229.525,0.0449,0.04,0,0,0,0,0

Detailed Results:
-----------------
Matrix     Procs  Time(ms)     Comp(ms)     Comm(ms)     Speedup    Efficiency  
-------------------------------------------------------------------------------
1219K      1      10.32        10.32        0.00         1.00       100.00      %
1219K      2      11.02        5.49         5.53         0.94       46.85       %
1219K      4      7.42         3.15         4.28         1.39       34.76       %
1219K      8      5.57         2.45         3.12         1.85       23.16       %
1219K      16     3.67         1.77         1.91         2.81       17.56       %
1219K      32     1.99         0.92         1.07         5.18       16.18       %
1219K      64     1.28         0.33         0.95         8.06       12.59       %
1219K      128    229.68       0.15         229.53       0.04       0.04        %

Communication Overhead:
-----------------------
1219K      |  1 procs | Comp: 100.0% | Comm:   0.0%
1219K      |  2 procs | Comp:  49.8% | Comm:  50.2%
1219K      |  4 procs | Comp:  42.4% | Comm:  57.6%
1219K      |  8 procs | Comp:  44.0% | Comm:  56.0%
1219K      | 16 procs | Comp:  48.1% | Comm:  51.9%
1219K      | 32 procs | Comp:  46.1% | Comm:  53.9%
1219K      | 64 procs | Comp:  26.1% | Comm:  73.9%
1219K      | 128 procs | Comp:   0.1% | Comm:  99.9%

Scalability Analysis:
---------------------

Matrix: 1219K
   1 procs: Speedup =  1.00x | Efficiency = 100.0%
   2 procs: Speedup =  0.94x | Efficiency =  46.9%
   4 procs: Speedup =  1.39x | Efficiency =  34.8%
   8 procs: Speedup =  1.85x | Efficiency =  23.2%
  16 procs: Speedup =  2.81x | Efficiency =  17.6%
  32 procs: Speedup =  5.18x | Efficiency =  16.2%
  64 procs: Speedup =  8.06x | Efficiency =  12.6%
  128 procs: Speedup =  0.04x | Efficiency =   0.0%

MPI Strategy Used:
------------------

Matrix: 1219K
   1 procs: OPTIMIZED ALLTOALLV
   2 procs: OPTIMIZED ALLTOALLV
   4 procs: OPTIMIZED ALLTOALLV
   8 procs: OPTIMIZED ALLTOALLV
  16 procs: OPTIMIZED ALLTOALLV
  32 procs: OPTIMIZED ALLTOALLV
  64 procs: OPTIMIZED ALLTOALLV
  128 procs: OPTIMIZED ALLTOALLV



--------------------------------------------
EXPERIMENT COMPLETE
--------------------------------------------

Results saved to: 1219K/

Files generated:
  output_1219K_128p.log                         107
  output_1219K_16p.log                          105
  output_1219K_1p.log                           109
  output_1219K_2p.log                           105
  output_1219K_32p.log                          107
  output_1219K_4p.log                           106
  output_1219K_64p.log                          108
  output_1219K_8p.log                           106
  strong_scaling_results.csv                    549

Main results: 1219K/strong_scaling_results.csv

PBS logs copied to results directory

--------------------------------------------
