Checking MPI installation...
/apps/mpich-3.2.1--gcc-9.1.0/bin/mpirun
/apps/mpich-3.2.1--gcc-9.1.0/bin/mpicxx
--------------------------------------------
STRONG SCALING
--------------------------------------------
Node:      hpc-c12-node02.maas.icts.unitn.it
Results:   
Walltime:  30 minutes
MPI:       /apps/mpich-3.2.1--gcc-9.1.0/bin/mpirun
Code:      code.cpp
--------------------------------------------

>>> COMPILING code.cpp
[OK] Compiled successfully

Configuration:
  Matrices:   40K.mtx
  Processes:  1 2 4
  Iterations: 50

>>> VERIFYING MATRICES
  40K.mtx - 40000 40000 119600

All matrices found

>>> CLEANING OLD RESULTS
[OK] Removed old CSV file

>>> RUNNING STRONG SCALING
--------------------------------------------


--------------------------------------------
Matrix: 40K.mtx
Results will be saved in: 40K
--------------------------------------------
  Dimensions: 40000 40000 119600

  Testing 1 process(es)... (14:49:45)
     Completed in 0s
    SpMV time: 0.140495 ms
    MPI Strategy: OPTIMIZED ALLTOALLV
    [Baseline: 0.140495 ms]
    Total elapsed: 0m 0s

  Testing 2 process(es)... (14:49:45)
     Completed in 1s
    SpMV time: 0.195193 ms
    MPI Strategy: OPTIMIZED ALLTOALLV
    Speedup: 0.7198x
    Efficiency: 35.99%
    Total elapsed: 0m 1s

  Testing 4 process(es)... (14:49:46)
     Completed in 0s
    SpMV time: 0.0992203 ms
    MPI Strategy: OPTIMIZED ALLTOALLV
    Speedup: 1.4160x
    Efficiency: 35.40%
    Total elapsed: 0m 1s


--------------------------------------------
STRONG SCALING COMPLETED
Total time: 0m 1s
--------------------------------------------

>>> POST-PROCESSING RESULTS
Calculating speedup and efficiency...
[OK] Speedup and efficiency calculated

>>> RESULTS SUMMARY
--------------------------------------------

CSV Preview:
------------
matrix,type,procs,time,comp,comm,speedup,eff,flops,mem,imb,min,max
------------
40K,opt,1,0.140495,0.140023,0.000424385,1.0000,100.00,0,0,0,0,0
40K,opt,2,0.195193,0.0769138,0.118227,0.7198,35.99,0,0,0,0,0
40K,opt,4,0.0992203,0.0385952,0.0605774,1.4160,35.40,0,0,0,0,0

Detailed Results:
-----------------
Matrix     Procs  Time(ms)     Comp(ms)     Comm(ms)     Speedup    Efficiency  
-------------------------------------------------------------------------------
40K        1      0.14         0.14         0.00         1.00       100.00      %
40K        2      0.20         0.08         0.12         0.72       35.99       %
40K        4      0.10         0.04         0.06         1.42       35.40       %

Communication Overhead:
-----------------------
40K        |  1 procs | Comp:  99.7% | Comm:   0.3%
40K        |  2 procs | Comp:  39.4% | Comm:  60.6%
40K        |  4 procs | Comp:  38.9% | Comm:  61.1%

Scalability Analysis:
---------------------

Matrix: 40K
   1 procs: Speedup =  1.00x | Efficiency = 100.0%
   2 procs: Speedup =  0.72x | Efficiency =  36.0%
   4 procs: Speedup =  1.42x | Efficiency =  35.4%

MPI Strategy Used:
------------------

Matrix: 40K
   1 procs: OPTIMIZED ALLTOALLV
   2 procs: OPTIMIZED ALLTOALLV
   4 procs: OPTIMIZED ALLTOALLV



--------------------------------------------
EXPERIMENT COMPLETE
--------------------------------------------

Results saved to: 40K/

Files generated:
  output_40K_1p.log                             110
  output_40K_2p.log                             108
  output_40K_4p.log                             110
  strong_scaling_results.csv                    255

Main results: 40K/strong_scaling_results.csv

PBS logs copied to results directory

--------------------------------------------
