Checking MPI installation...
/apps/mpich-3.2.1--gcc-9.1.0/bin/mpirun
/apps/mpich-3.2.1--gcc-9.1.0/bin/mpicxx
--------------------------------------------
STRONG SCALING
--------------------------------------------
Node:      hpc-c11-node25.maas.icts.unitn.it
Results:   
Walltime:  30 minutes
MPI:       /apps/mpich-3.2.1--gcc-9.1.0/bin/mpirun
Code:      code.cpp
--------------------------------------------

>>> COMPILING code.cpp
[OK] Compiled successfully

Configuration:
  Matrices:   504K.mtx
  Processes:  1 2 4 8 16 32 64
  Iterations: 50

>>> VERIFYING MATRICES
  504K.mtx - 504855 504855 9046865

All matrices found

>>> CLEANING OLD RESULTS
[OK] Removed old CSV file

>>> RUNNING STRONG SCALING
--------------------------------------------


--------------------------------------------
Matrix: 504K.mtx
Results will be saved in: 504K
--------------------------------------------
  Dimensions: 504855 504855 9046865

  Testing 1 process(es)... (14:57:51)
     Completed in 6s
    SpMV time: 15.0293 ms
    MPI Strategy: OPTIMIZED ALLTOALLV
    [Baseline: 15.0293 ms]
    Total elapsed: 0m 6s

  Testing 2 process(es)... (14:57:57)
     Completed in 5s
    SpMV time: 10.2633 ms
    MPI Strategy: OPTIMIZED ALLTOALLV
    Speedup: 1.4644x
    Efficiency: 73.22%
    Total elapsed: 0m 11s

  Testing 4 process(es)... (14:58:02)
     Completed in 4s
    SpMV time: 4.61124 ms
    MPI Strategy: OPTIMIZED ALLTOALLV
    Speedup: 3.2593x
    Efficiency: 81.48%
    Total elapsed: 0m 15s

  Testing 8 process(es)... (14:58:06)
     Completed in 5s
    SpMV time: 3.57454 ms
    MPI Strategy: OPTIMIZED ALLTOALLV
    Speedup: 4.2045x
    Efficiency: 52.56%
    Total elapsed: 0m 20s

  Testing 16 process(es)... (14:58:11)
     Completed in 4s
    SpMV time: 3.05878 ms
    MPI Strategy: OPTIMIZED ALLTOALLV
    Speedup: 4.9135x
    Efficiency: 30.71%
    Total elapsed: 0m 24s

  Testing 32 process(es)... (14:58:15)
     Completed in 5s
    SpMV time: 2.17799 ms
    MPI Strategy: OPTIMIZED ALLTOALLV
    Speedup: 6.9005x
    Efficiency: 21.56%
    Total elapsed: 0m 29s

  Testing 64 process(es)... (14:58:20)
     Completed in 5s
    SpMV time: 1.56723 ms
    MPI Strategy: OPTIMIZED ALLTOALLV
    Speedup: 9.5897x
    Efficiency: 14.98%
    Total elapsed: 0m 34s


--------------------------------------------
STRONG SCALING COMPLETED
Total time: 0m 34s
--------------------------------------------

>>> POST-PROCESSING RESULTS
Calculating speedup and efficiency...
[OK] Speedup and efficiency calculated

>>> RESULTS SUMMARY
--------------------------------------------

CSV Preview:
------------
matrix,type,procs,time,comp,comm,speedup,eff,flops,mem,imb,min,max
------------
504K,opt,1,15.0293,15.0257,0.00322819,1.0000,100.00,0,0,0,0,0
504K,opt,2,10.2633,7.57475,2.68842,1.4644,73.22,0,0,0,0,0
504K,opt,4,4.61124,2.85992,1.75125,3.2593,81.48,0,0,0,0,0
504K,opt,8,3.57454,1.51863,2.05583,4.2045,52.56,0,0,0,0,0
504K,opt,16,3.05878,1.07127,1.98747,4.9135,30.71,0,0,0,0,0
504K,opt,32,2.17799,0.954151,1.22376,6.9005,21.56,0,0,0,0,0
504K,opt,64,1.56723,0.435963,1.13122,9.5897,14.98,0,0,0,0,0

Detailed Results:
-----------------
Matrix     Procs  Time(ms)     Comp(ms)     Comm(ms)     Speedup    Efficiency  
-------------------------------------------------------------------------------
504K       1      15.03        15.03        0.00         1.00       100.00      %
504K       2      10.26        7.57         2.69         1.46       73.22       %
504K       4      4.61         2.86         1.75         3.26       81.48       %
504K       8      3.57         1.52         2.06         4.20       52.56       %
504K       16     3.06         1.07         1.99         4.91       30.71       %
504K       32     2.18         0.95         1.22         6.90       21.56       %
504K       64     1.57         0.44         1.13         9.59       14.98       %

Communication Overhead:
-----------------------
504K       |  1 procs | Comp: 100.0% | Comm:   0.0%
504K       |  2 procs | Comp:  73.8% | Comm:  26.2%
504K       |  4 procs | Comp:  62.0% | Comm:  38.0%
504K       |  8 procs | Comp:  42.5% | Comm:  57.5%
504K       | 16 procs | Comp:  35.0% | Comm:  65.0%
504K       | 32 procs | Comp:  43.8% | Comm:  56.2%
504K       | 64 procs | Comp:  27.8% | Comm:  72.2%

Scalability Analysis:
---------------------

Matrix: 504K
   1 procs: Speedup =  1.00x | Efficiency = 100.0%
   2 procs: Speedup =  1.46x | Efficiency =  73.2%
   4 procs: Speedup =  3.26x | Efficiency =  81.5%
   8 procs: Speedup =  4.20x | Efficiency =  52.6%
  16 procs: Speedup =  4.91x | Efficiency =  30.7%
  32 procs: Speedup =  6.90x | Efficiency =  21.6%
  64 procs: Speedup =  9.59x | Efficiency =  15.0%

MPI Strategy Used:
------------------

Matrix: 504K
   1 procs: OPTIMIZED ALLTOALLV
   2 procs: OPTIMIZED ALLTOALLV
   4 procs: OPTIMIZED ALLTOALLV
   8 procs: OPTIMIZED ALLTOALLV
  16 procs: OPTIMIZED ALLTOALLV
  32 procs: OPTIMIZED ALLTOALLV
  64 procs: OPTIMIZED ALLTOALLV



--------------------------------------------
EXPERIMENT COMPLETE
--------------------------------------------

Results saved to: 504K/

Files generated:
  output_504K_16p.log                           105
  output_504K_1p.log                            108
  output_504K_2p.log                            105
  output_504K_32p.log                           106
  output_504K_4p.log                            105
  output_504K_64p.log                           106
  output_504K_8p.log                            105
  strong_scaling_results.csv                    482

Main results: 504K/strong_scaling_results.csv

PBS logs copied to results directory

--------------------------------------------
