>>> COMPILING code.cpp
>>> RUNNING WEAK SCALING EXPERIMENTS
--------------------------------------------
Testing 1 process(es) with matrix 10K.mtx
Results in: 10K/
   SpMV time: 0.000600815 ms

--------------------------------------------
Testing 2 process(es) with matrix 20K.mtx
Results in: 20K/
   SpMV time: 0.000171661 ms

--------------------------------------------
Testing 4 process(es) with matrix 40K.mtx
Results in: 40K/
   SpMV time: 0.000686646 ms

--------------------------------------------
Testing 8 process(es) with matrix 80K.mtx
Results in: 80K/
   SpMV time: 0.00023365 ms

--------------------------------------------
Testing 16 process(es) with matrix 160K.mtx
Results in: 160K/
   SpMV time: 0.000305176 ms

--------------------------------------------
Testing 32 process(es) with matrix 320K.mtx
Results in: 320K/
   SpMV time: 0.000462532 ms

--------------------------------------------
Testing 64 process(es) with matrix 640K.mtx
Results in: 640K/
   SpMV time: 0.000824928 ms

--------------------------------------------
Testing 128 process(es) with matrix 1280K.mtx
Results in: 1280K/
   SpMV time: 0.00135422 ms

--------------------------------------------
Testing 256 process(es) with matrix 2560K.mtx
Results in: 2560K/
   SpMV time: 0.00263691 ms

>>> WEAK SCALING SUMMARY
-----------------------------------------------------------------------
Matrix     Procs      Time(ms)     Comp(ms)     Comm(ms)    
-----------------------------------------------------------------------
10K        1          0.000601     0.000081     0.000420    
20K        2          0.000172     0.000024     0.000119    
40K        4          0.000687     0.000076     0.000510    
80K        8          0.000234     0.000024     0.000181    
160K       16         0.000305     0.000019     0.000257    
320K       32         0.000463     0.000024     0.000424    
640K       64         0.000825     0.000029     0.000768    
1280K      128        0.001354     0.000014     0.001340    
2560K      256        0.002637     0.000024     0.002580    
-----------------------------------------------------------------------
